2019-02-13 13:55:59,692 - Parsing alignment test_aln_nt.fasta ...

2019-02-13 13:55:59,723 - Found guide tree test_guide_cladogram.newick ...

2019-02-13 13:55:59,937 - Splitting into size-20 windows with 15 overlap ...

2019-02-13 13:57:29,725 - Writing distances to file uncorrected-distances-20window-15overlap.json ...

2019-02-13 13:57:34,790 - Used 235.63 MB memory

2019-02-13 13:57:34,803 - Finding outliers for 0.95 lognorms cutoff ...
2019-02-13 13:57:48,613 - Sites removed: 226130
2019-02-13 13:57:48,613 - Removed 10.03% of sites at cutoff of 0.95 lognorms
2019-02-13 13:57:48,625 - Wrote report 0.95_lognorms-cutoff-example-report.txt
2019-02-13 13:57:48,631 - Wrote trimmed alignment 0.95_lognorms-cutoff-example-trimmed.phylip

2019-02-13 13:57:48,632 - Finding outliers for 0.97 lognorms cutoff ...
2019-02-13 13:58:02,065 - Sites removed: 111135
2019-02-13 13:58:02,075 - Removed 4.93% of sites at cutoff of 0.97 lognorms
2019-02-13 13:58:02,090 - Wrote report 0.97_lognorms-cutoff-example-report.txt
2019-02-13 13:58:02,103 - Wrote trimmed alignment 0.97_lognorms-cutoff-example-trimmed.phylip

2019-02-13 13:58:02,105 - Finding outliers for 0.99 lognorms cutoff ...
2019-02-13 13:58:15,129 - Sites removed: 27595
2019-02-13 13:58:15,129 - Removed 1.22% of sites at cutoff of 0.99 lognorms
2019-02-13 13:58:15,131 - Wrote report 0.99_lognorms-cutoff-example-report.txt
2019-02-13 13:58:15,137 - Wrote trimmed alignment 0.99_lognorms-cutoff-example-trimmed.phylip

2019-02-13 13:58:15,139 - Finding outliers for 0.995 lognorms cutoff ...
2019-02-13 13:58:31,025 - Sites removed: 12690
2019-02-13 13:58:31,026 - Removed 0.56% of sites at cutoff of 0.995 lognorms
2019-02-13 13:58:31,028 - Wrote report 0.995_lognorms-cutoff-example-report.txt
2019-02-13 13:58:31,033 - Wrote trimmed alignment 0.995_lognorms-cutoff-example-trimmed.phylip

2019-02-13 13:58:31,034 - Finding outliers for 0.999 lognorms cutoff ...
2019-02-13 13:58:44,749 - Sites removed: 3070
2019-02-13 13:58:44,749 - Removed 0.14% of sites at cutoff of 0.999 lognorms
2019-02-13 13:58:44,750 - Wrote report 0.999_lognorms-cutoff-example-report.txt
2019-02-13 13:58:44,755 - Wrote trimmed alignment 0.999_lognorms-cutoff-example-trimmed.phylip

